<?xml version="1.0" encoding="UTF-8"?>
<testsuite name="repository.mapper.EmployeeMapperTest" tests="1" skipped="0" failures="0" errors="0" timestamp="2022-07-26T03:32:27" hostname="C02FP4YZMD6PMBP" time="0.008">
  <properties/>
  <testcase name="mapRow" classname="repository.mapper.EmployeeMapperTest" time="0.008"/>
  <system-out><![CDATA[]]></system-out>
  <system-err><![CDATA[]]></system-err>
</testsuite>
